<?xml version="1.0" encoding="UTF-8"?>
<testsuite name="ReqresTests" tests="1" skipped="0" failures="0" errors="0" timestamp="2024-03-01T09:07:50" hostname="KHACHATRYAN" time="2.03">
  <properties/>
  <testcase name="deleteUser()" classname="ReqresTests" time="2.03"/>
  <system-out><![CDATA[]]></system-out>
  <system-err><![CDATA[]]></system-err>
</testsuite>
