<?xml version="1.0" encoding="UTF-8"?>
<testsuite name="ReqresTests" tests="1" skipped="0" failures="0" errors="0" timestamp="2024-02-28T13:54:17" hostname="KHACHATRYAN" time="2.737">
  <properties/>
  <testcase name="negativeLogin()" classname="ReqresTests" time="2.737"/>
  <system-out><![CDATA[]]></system-out>
  <system-err><![CDATA[]]></system-err>
</testsuite>
